Sort Array: 
1 1
1 1
2 2
3 3
6 6
6 6
6 6
7 7
8 8
8 8
10 10
10 10
10 10
11 11
13 13
15 15
16 16
16 16
16 16
16 16
17 17
18 18
19 19
19 19
21 21
22 22
23 23
23 23
23 23
24 24
27 27
27 27
28 28
28 28
30 30
31 31
34 34
34 34
35 35
36 36
37 37
37 37
38 38
39 39
40 40
40 40
40 40
42 42
43 43
44 44
45 45
45 45
45 45
45 45
47 47
49 49
50 50
51 51
52 52
54 54
55 55
55 55
55 55
56 56
57 57
57 57
62 62
63 63
63 63
64 64
64 64
66 66
66 66
68 68
70 70
71 71
72 72
73 73
73 73
74 74
79 79
79 79
79 79
79 79
81 81
81 81
82 82
82 82
82 82
82 82
83 83
86 86
86 86
87 87
87 87
88 88
88 88
88 88
90 90
91 91
91 91
94 94
95 95
97 97
97 97
98 98
99 99
105 105
105 105
107 107
108 108
109 109
110 110
111 111
111 111
112 112
112 112
112 112
114 114
115 115
115 115
117 117
118 118
119 119
119 119
120 120
120 120
120 120
120 120
121 121
121 121
122 122
122 122
122 122
124 124
124 124
125 125
125 125
125 125
126 126
127 127
128 128
129 129
129 129
129 129
131 131
133 133
134 134
136 136
136 136
138 138
138 138
138 138
139 139
141 141
143 143
146 146
147 147
148 148
148 148
150 150
150 150
151 151
152 152
152 152
154 154
154 154
157 157
159 159
160 160
160 160
160 160
161 161
162 162
162 162
163 163
163 163
163 163
164 164
165 165
165 165
166 166
167 167
167 167
171 171
171 171
171 171
171 171
171 171
172 172
173 173
173 173
175 175
175 175
176 176
177 177
178 178
180 180
180 180
181 181
183 183
183 183
183 183
184 184
185 185
186 186
187 956 <---------------------------------------------------------------
188 187
188 188
188 188
188 188
190 188
191 190
194 191
195 194
195 195
196 195
197 196
197 197
199 197
200 199
201 200
203 201
203 203
206 203
211 206
212 211
213 212
214 213
214 214
217 214
219 217
219 219
222 219
222 222
222 222
224 222
224 224
226 224
226 226
226 226
227 226
227 227
229 227
230 229
230 230
231 230
231 231
232 231
232 232
233 232
234 233
236 234
236 236
237 236
238 237
238 238
238 238
239 238
241 239
244 241
245 244
245 245
246 245
247 246
247 247
247 247
247 247
248 247
248 248
249 248
249 249
250 249
253 250
254 253
254 254
254 254
255 254
255 255
256 255
256 256
256 256
256 256
256 256
259 256
261 259
262 261
263 262
264 263
264 264
264 264
264 264
265 264
266 265
266 266
268 266
268 268
269 268
270 269
271 270
271 271
272 271
273 272
274 273
274 274
274 274
276 274
277 276
278 277
279 278
283 279
284 283
286 284
286 286
287 286
288 287
288 288
288 288
289 288
290 289
291 290
292 291
293 292
293 293
294 293
294 294
296 294
296 296
297 296
302 297
302 302
302 302
303 302
303 303
305 303
305 305
306 305
311 306
312 311
313 312
316 313
317 316
320 317
322 320
323 322
324 323
325 324
326 325
328 326
328 328
328 328
328 328
330 328
334 330
336 334
340 336
341 340
341 341
342 341
342 342
343 342
345 343
346 345
346 346
346 346
346 346
352 346
355 352
356 355
357 356
360 357
361 360
362 361
363 362
363 363
363 363
365 363
365 365
367 365
367 367
368 367
368 368
368 368
370 368
373 370
373 373
374 373
375 374
375 375
376 375
378 376
378 378
380 378
380 380
380 380
381 380
381 381
381 381
383 381
384 383
384 384
385 384
387 385
388 387
389 388
389 389
390 389
390 390
390 390
391 390
391 391
392 391
392 392
392 392
393 392
395 393
398 395
398 398
400 398
401 400
404 401
406 404
406 406
407 406
410 407
411 410
412 411
413 412
413 413
414 413
416 414
417 416
419 417
419 419
419 419
419 419
420 419
420 420
420 420
420 420
423 420
428 423
428 428
431 428
432 431
433 432
434 433
435 434
437 435
437 437
440 437
445 440
445 445
446 445
449 446
450 449
451 450
452 451
453 452
454 453
457 454
458 457
459 458
460 459
461 460
462 461
463 462
463 463
464 463
464 464
467 464
467 467
469 467
470 469
470 470
470 470
471 470
472 471
473 472
475 473
475 475
479 475
479 479
479 479
480 479
480 480
481 480
483 481
485 483
485 485
487 485
488 487
491 488
491 491
493 491
493 493
496 493
497 496
497 497
500 497
501 500
504 501
504 504
505 504
507 505
507 507
507 507
507 507
509 507
509 509
510 509
510 510
512 510
513 512
513 513
514 513
515 514
519 515
519 519
519 519
521 519
522 521
522 522
522 522
522 522
523 522
523 523
524 523
525 524
525 525
525 525
527 525
529 527
529 529
530 529
530 530
530 530
531 530
531 531
531 531
532 531
532 532
534 532
534 534
535 534
536 535
538 536
539 538
539 539
540 539
540 540
541 540
542 541
542 542
542 542
543 542
545 543
545 545
545 545
546 545
548 546
548 548
548 548
549 548
550 549
553 550
553 553
553 553
554 553
554 554
554 554
554 554
554 554
555 554
556 555
559 556
559 559
560 559
560 560
561 560
562 561
563 562
564 563
567 564
567 567
567 567
569 567
571 569
571 571
572 571
572 572
573 572
575 573
575 575
577 575
577 577
577 577
577 577
581 577
581 581
582 581
583 582
584 583
585 584
585 585
587 585
590 587
590 590
593 590
594 593
594 594
596 594
597 596
597 597
597 597
599 597
601 599
601 601
601 601
601 601
604 601
604 604
604 604
606 604
607 606
607 607
607 607
608 607
609 608
610 609
614 610
614 614
616 614
616 616
621 616
622 621
625 622
625 625
626 625
626 626
628 626
629 628
629 629
631 629
632 631
632 632
633 632
634 633
636 634
636 636
637 636
638 637
638 638
639 638
640 639
641 640
643 641
644 643
644 644
646 644
647 646
648 647
648 648
650 648
650 650
651 650
651 651
652 651
653 652
656 653
656 656
657 656
661 657
661 661
661 661
662 661
666 662
666 666
667 666
669 667
671 669
671 671
673 671
676 673
676 676
677 676
677 677
678 677
682 678
683 682
684 683
686 684
686 686
688 686
690 688
690 690
691 690
692 691
693 692
695 693
696 695
696 696
696 696
698 696
698 698
698 698
699 698
699 699
701 699
703 701
705 703
705 705
706 705
709 706
711 709
712 711
712 712
713 712
713 713
713 713
715 713
716 715
718 716
718 718
720 718
720 720
722 720
723 722
726 723
728 726
729 728
729 729
730 729
732 730
734 732
736 734
738 736
738 738
738 738
740 738
741 740
742 741
742 742
742 742
742 742
743 742
743 743
744 743
744 744
747 744
749 747
750 749
751 750
751 751
753 751
754 753
755 754
756 755
756 756
757 756
757 757
759 757
759 759
759 759
760 759
762 760
762 762
763 762
764 763
766 764
767 766
767 767
770 767
772 770
773 772
776 773
779 776
780 779
780 780
781 780
783 781
786 783
787 786
788 787
790 788
790 790
790 790
792 790
793 792
794 793
796 794
797 796
798 797
799 798
799 799
799 799
801 799
801 801
801 801
803 801
804 803
804 804
805 804
806 805
808 806
809 808
809 809
812 809
815 812
816 815
816 816
817 816
818 817
820 818
821 820
822 821
822 822
823 822
823 823
824 823
824 824
825 824
825 825
825 825
827 825
828 827
829 828
832 829
833 832
834 833
836 834
836 836
836 836
838 836
838 838
838 838
839 838
839 839
840 839
840 840
840 840
841 840
842 841
844 842
845 844
845 845
845 845
846 845
847 846
852 847
852 852
853 852
854 853
854 854
855 854
856 855
856 856
858 856
858 858
858 858
858 858
859 858
859 859
861 859
861 861
863 861
867 863
867 867
868 867
868 868
868 868
870 868
871 870
871 871
872 871
873 872
873 873
875 873
875 875
876 875
876 876
876 876
877 876
879 877
880 879
881 880
882 881
883 882
883 883
885 883
885 885
886 885
887 886
887 887
888 887
890 888
891 890
891 891
892 891
893 892
896 893
897 896
899 897
899 899
900 899
902 900
903 902
904 903
904 904
906 904
910 906
913 910
914 913
914 914
915 914
915 915
915 915
915 915
916 915
916 916
918 916
918 918
919 918
919 919
920 919
922 920
922 922
927 922
927 927
927 927
927 927
929 927
930 929
931 930
931 931
933 931
933 933
933 933
935 933
936 935
936 936
936 936
937 936
938 937
938 938
939 938
939 939
941 939
941 941
942 941
943 942
943 943
943 943
945 943
946 945
946 946
948 946
949 948
955 949
956 955
957 957
957 957
958 958
959 959
960 960
962 962
963 963
963 963
964 964
964 964
966 966
967 967
971 971
972 972
972 972
973 973
974 974
974 974
976 976
978 978
978 978
978 978
978 978
979 979
980 980
980 980
981 981
985 985
987 987
987 987
988 988
988 988
989 989
990 990
993 993
995 995
995 995
996 996
996 996
998 998
